commit d6b8d011f86f62cfbdc39548115cc5701f6623a9
Author: Robat Das <orvi2014@users.noreply.github.com>
Date:   Sun Feb 5 19:36:55 2017 +0600

    Update the correct link

commit cc68f62cb01b359e34f5e134c25a07c386a381f2
Author: Robat Das <orvi2014@users.noreply.github.com>
Date:   Sun Feb 5 03:08:26 2017 +0600

    Fix typo error

commit ba09d67e9cb67d6f0987abb2dd54a844b73e7d79
Author: sifii <sifii2013@gmail.com>
Date:   Sun Feb 5 02:52:41 2017 +0600

     deleted lab solution

commit 45135ec13bda0a3c1684b325341beff7636ec719
Merge: 8ee3ee2 d9f50ce
Author: sifii <sifii2013@gmail.com>
Date:   Sun Feb 5 02:51:54 2017 +0600

    Merge remote-tracking branch 'origin/master'

commit 8ee3ee268d6631a8b970bb6ee579315fadb4405e
Author: sifii <sifii2013@gmail.com>
Date:   Sun Feb 5 02:47:33 2017 +0600

     delete lab solution dir and renamed contributing.md

commit 8d5d1f02b8620d68ff6f5e1f6195d23326d1bf7f
Author: sifii <sifii2013@gmail.com>
Date:   Sun Feb 5 02:39:42 2017 +0600

     fetching test

commit d9f50ce015e74e582c3af8c48bbb26b53bf22728
Author: Robat Das <orvi2014@users.noreply.github.com>
Date:   Sun Feb 5 00:53:30 2017 +0600

    guidleine for contributors

commit 9d7610da415968c54979b49ea8b07a9927962f28
Author: Robat Das <orvi2014@users.noreply.github.com>
Date:   Sun Feb 5 00:41:43 2017 +0600

    More understandable readme file

commit 6543c5d3e60a9c244c5e99a30d5ce985ec57bbcc
Merge: 58abb80 0dbccc7
Author: sifii <sifii2013@gmail.com>
Date:   Sat Feb 4 21:03:05 2017 +0600

    Merge pull request #1 from RoisulIslamRumi/master
    
    Lab solutions

commit 0dbccc7821fdab7b56a9676016a92c945277f99f
Author: Roisul Islam Rumi <Roisul Islam Rumi>
Date:   Sat Feb 4 17:03:17 2017 +0600

    Lab solutions

commit 58abb80528efb07deadc2c4aaca13927f9eeae5a
Author: sifii <sifii2013@gmail.com>
Date:   Thu Feb 2 02:28:38 2017 +0600

    edited readme

commit 7f02c9663758078a925698bf416de07175396861
Author: sifii <sifii2013@gmail.com>
Date:   Thu Feb 2 02:27:07 2017 +0600

    edited readme

commit 59ca79b4beb56a675e8d70bd039692d485e73e19
Author: sifii <sifii2013@gmail.com>
Date:   Wed Feb 1 19:32:49 2017 +0600

    Compiler added

commit 626487d7e49ffc84f14a3376c1e13f9bed32fc98
Author: sifii <sifii2013@gmail.com>
Date:   Wed Feb 1 19:31:08 2017 +0600

    compiler removed

commit d7c70bcba5d5583559e73e38d83aa7e850ee57ee
Author: sifii <sifii2013@gmail.com>
Date:   Wed Feb 1 19:29:11 2017 +0600

    file added

commit 1031a382031bb2c7e29d4f34cd3e4318e21a55ce
Author: sifii <sifii2013@gmail.com>
Date:   Wed Feb 1 19:20:08 2017 +0600

    Compile and AI file added
